{
  "RSpec": {
    "coverage": {
      "/Users/ericdowty/Rails/module-4/ideabox/spec/controllers/api/v1/idea_controller_spec.rb": [
        1,
        1,
        null,
        1,
        null,
        6,
        6,
        null,
        1,
        1,
        1,
        1,
        1,
        1,
        null,
        null,
        null,
        1,
        1,
        1,
        1,
        1,
        1,
        1,
        null,
        null,
        null,
        1,
        1,
        1,
        1,
        1,
        1,
        1,
        null,
        null,
        null,
        1,
        1,
        1,
        null,
        1,
        1,
        null,
        1,
        null,
        1,
        1,
        1,
        null,
        null,
        null,
        null,
        1,
        1,
        1,
        1,
        1,
        1,
        null,
        null,
        null,
        null
      ],
      "/Users/ericdowty/Rails/module-4/ideabox/spec/rails_helper.rb": [
        1,
        1,
        1,
        1,
        1,
        null,
        1,
        null,
        1,
        1,
        1,
        1,
        1,
        null
      ],
      "/Users/ericdowty/Rails/module-4/ideabox/config/environment.rb": [
        null,
        1,
        null,
        null,
        1
      ],
      "/Users/ericdowty/Rails/module-4/ideabox/config/application.rb": [
        1,
        null,
        1,
        null,
        1,
        1,
        1,
        1,
        1,
        1,
        1,
        null,
        null,
        null,
        null,
        1,
        null,
        1,
        1,
        null,
        null,
        null,
        null,
        null,
        null,
        null,
        null,
        null,
        null,
        null,
        null,
        null,
        1,
        null,
        null
      ],
      "/Users/ericdowty/Rails/module-4/ideabox/config/boot.rb": [
        1,
        null,
        1
      ],
      "/Users/ericdowty/Rails/module-4/ideabox/config/environments/test.rb": [
        1,
        null,
        null,
        null,
        null,
        null,
        null,
        1,
        null,
        null,
        null,
        null,
        1,
        null,
        null,
        1,
        1,
        null,
        null,
        1,
        1,
        null,
        null,
        1,
        null,
        null,
        1,
        null,
        null,
        null,
        null,
        1,
        null,
        null,
        1,
        null,
        null,
        1,
        null,
        null,
        null,
        null
      ],
      "/Users/ericdowty/Rails/module-4/ideabox/config/initializers/assets.rb": [
        null,
        null,
        null,
        1,
        null,
        null,
        null,
        null,
        null,
        null,
        null
      ],
      "/Users/ericdowty/Rails/module-4/ideabox/config/initializers/backtrace_silencers.rb": [
        null,
        null,
        null,
        null,
        null,
        null,
        null
      ],
      "/Users/ericdowty/Rails/module-4/ideabox/config/initializers/cookies_serializer.rb": [
        null,
        null,
        1
      ],
      "/Users/ericdowty/Rails/module-4/ideabox/config/initializers/filter_parameter_logging.rb": [
        null,
        null,
        null,
        1
      ],
      "/Users/ericdowty/Rails/module-4/ideabox/config/initializers/inflections.rb": [
        null,
        null,
        null,
        null,
        null,
        null,
        null,
        null,
        null,
        null,
        null,
        null,
        null,
        null,
        null,
        null
      ],
      "/Users/ericdowty/Rails/module-4/ideabox/config/initializers/mime_types.rb": [
        null,
        null,
        null,
        null
      ],
      "/Users/ericdowty/Rails/module-4/ideabox/config/initializers/session_store.rb": [
        null,
        null,
        1
      ],
      "/Users/ericdowty/Rails/module-4/ideabox/config/initializers/wrap_parameters.rb": [
        null,
        null,
        null,
        null,
        null,
        null,
        1,
        1,
        null,
        null,
        null,
        null,
        null,
        null
      ],
      "/Users/ericdowty/Rails/module-4/ideabox/spec/teaspoon_env.rb": [
        1,
        null,
        null,
        1,
        null,
        null,
        null,
        null,
        1,
        null,
        null,
        null,
        1,
        null,
        null,
        null,
        1,
        null,
        null,
        null,
        null,
        null,
        null,
        null,
        null,
        null,
        null,
        null,
        null,
        1,
        null,
        null,
        null,
        null,
        null,
        null,
        1,
        null,
        null,
        null,
        1,
        null,
        null,
        null,
        null,
        null,
        null,
        null,
        null,
        null,
        null,
        1,
        null,
        null,
        null,
        null,
        null,
        1,
        null,
        null,
        1,
        null,
        null,
        null,
        null,
        null,
        null,
        null,
        null,
        null,
        null,
        null,
        null,
        null,
        null,
        null,
        null,
        null,
        null,
        null,
        null,
        null,
        null,
        null,
        null,
        null,
        null,
        null,
        null,
        null,
        null,
        null,
        null,
        null,
        null,
        null,
        null,
        null,
        null,
        null,
        null,
        null,
        null,
        null,
        null,
        null,
        null,
        null,
        null,
        null,
        null,
        null,
        null,
        null,
        null,
        null,
        null,
        null,
        null,
        null,
        null,
        null,
        null,
        null,
        null,
        null,
        null,
        null,
        null,
        null,
        null,
        null,
        null,
        null,
        null,
        null,
        null,
        null,
        null,
        null,
        null,
        null,
        null,
        null,
        null,
        null,
        null,
        null,
        null,
        null,
        null,
        null,
        null,
        null,
        null,
        null,
        1,
        null,
        null,
        null,
        null,
        null,
        null,
        null,
        null,
        null,
        null,
        null,
        null,
        null,
        null,
        null,
        null,
        null,
        null,
        null,
        null,
        null
      ],
      "/Users/ericdowty/Rails/module-4/ideabox/spec/factories/idea.rb": [
        1,
        null,
        1,
        1,
        1,
        null,
        null,
        null
      ],
      "/Users/ericdowty/Rails/module-4/ideabox/spec/factories/quality.rb": [
        1,
        null,
        1,
        1,
        null,
        null,
        null
      ],
      "/Users/ericdowty/Rails/module-4/ideabox/config/routes.rb": [
        1,
        null,
        1,
        1,
        1,
        null,
        null,
        null,
        1,
        null,
        1,
        null,
        null
      ],
      "/Users/ericdowty/Rails/module-4/ideabox/app/helpers/application_helper.rb": [
        1,
        null
      ],
      "/Users/ericdowty/Rails/module-4/ideabox/app/controllers/api/v1/idea_controller.rb": [
        1,
        null,
        1,
        1,
        null,
        1,
        1,
        null,
        null,
        1,
        1,
        null,
        null,
        1,
        1,
        null,
        null,
        1,
        1,
        null,
        null,
        1,
        1,
        null,
        null,
        1,
        null,
        1,
        2,
        null,
        null,
        null
      ],
      "/Users/ericdowty/Rails/module-4/ideabox/app/controllers/application_controller.rb": [
        1,
        1,
        null
      ],
      "/Users/ericdowty/Rails/module-4/ideabox/spec/controllers/idea_controller_spec.rb": [
        1,
        null,
        1,
        null,
        2,
        2,
        null,
        1,
        1,
        1,
        1,
        null,
        null,
        null,
        null
      ],
      "/Users/ericdowty/Rails/module-4/ideabox/app/controllers/idea_controller.rb": [
        1,
        null,
        1,
        null,
        null,
        null
      ],
      "/Users/ericdowty/Rails/module-4/ideabox/spec/features/home_page_spec.rb": [
        1,
        null,
        1,
        null,
        1,
        1,
        1,
        1,
        1,
        1,
        null,
        null,
        null
      ],
      "/Users/ericdowty/Rails/module-4/ideabox/spec/models/idea_spec.rb": [
        1,
        null,
        1,
        null,
        5,
        5,
        null,
        1,
        1,
        null,
        null,
        1,
        1,
        1,
        null,
        null,
        1,
        1,
        1,
        null,
        null,
        1,
        1,
        1,
        null,
        null,
        null
      ],
      "/Users/ericdowty/Rails/module-4/ideabox/app/models/idea.rb": [
        1,
        1,
        1,
        null
      ],
      "/Users/ericdowty/Rails/module-4/ideabox/spec/models/quality_spec.rb": [
        1,
        null,
        1,
        null,
        3,
        null,
        1,
        1,
        1,
        null,
        null,
        1,
        1,
        null,
        null,
        null
      ],
      "/Users/ericdowty/Rails/module-4/ideabox/app/models/quality.rb": [
        1,
        1,
        1,
        null
      ]
    },
    "timestamp": 1436214236
  }
}
